<?xml version="1.0" encoding="UTF-8"?>
<!-- Generated by org.testng.reporters.JUnitReportReporter -->
<testsuite hostname="HOME-PC" failures="0" tests="1" name="TestCases_PracticeSession.Omayoblogspot" time="53.905" errors="0" timestamp="06 Sep 2021 07:15:23 GMT" skipped="0">
  <testcase classname="TestCases_PracticeSession.Omayoblogspot" name="omayoElements" time="53.905"/>
</testsuite> <!-- TestCases_PracticeSession.Omayoblogspot -->
