<?xml version="1.0" encoding="UTF-8"?>
<!-- Generated by org.testng.reporters.JUnitReportReporter -->
<testsuite hostname="HOME-PC" failures="0" tests="1" name="TestCases_PracticeSession.windowHandles" time="0.570" errors="0" timestamp="01 Sep 2021 12:46:37 GMT" skipped="0">
  <testcase classname="TestCases_PracticeSession.windowHandles" name="windowHandleMethod" time="0.570"/>
</testsuite> <!-- TestCases_PracticeSession.windowHandles -->
