<?xml version="1.0" encoding="UTF-8"?>
<!-- Generated by org.testng.reporters.JUnitReportReporter -->
<testsuite hostname="HOME-PC" failures="0" tests="2" name="TestCases_PracticeSession.Javascriptsample" time="0.282" errors="0" timestamp="01 Sep 2021 09:52:34 GMT" skipped="0">
  <testcase classname="TestCases_PracticeSession.Javascriptsample" name="javaScriptImple" time="0.093"/>
  <testcase classname="TestCases_PracticeSession.Javascriptsample" name="scrollUntilElefind" time="0.189"/>
</testsuite> <!-- TestCases_PracticeSession.Javascriptsample -->
